{"/home/stewie/projects/eggcllnt-boilerplate/src/application/bootstrap.js": {"path":"/home/stewie/projects/eggcllnt-boilerplate/src/application/bootstrap.js","statementMap":{"0":{"start":{"line":6,"column":2},"end":{"line":6,"column":15}},"1":{"start":{"line":10,"column":2},"end":{"line":14,"column":4}}},"fnMap":{"0":{"name":"(anonymous_0)","decl":{"start":{"line":5,"column":1},"end":{"line":5,"column":2}},"loc":{"start":{"line":5,"column":20},"end":{"line":7,"column":2}},"line":5},"1":{"name":"(anonymous_1)","decl":{"start":{"line":9,"column":1},"end":{"line":9,"column":2}},"loc":{"start":{"line":9,"column":10},"end":{"line":15,"column":2}},"line":9}},"branchMap":{},"s":{"0":1,"1":1},"f":{"0":1,"1":1},"b":{},"_coverageSchema":"332fd63041d2c1bcb487cc26dd0d5f7d97098a6c","hash":"01f71eebf62662543ef333921d963b3046a309de"}
,"/home/stewie/projects/eggcllnt-boilerplate/src/application/components/Boilerplate/index.js": {"path":"/home/stewie/projects/eggcllnt-boilerplate/src/application/components/Boilerplate/index.js","statementMap":{"0":{"start":{"line":4,"column":1},"end":{"line":20,"column":3}}},"fnMap":{"0":{"name":"BoilerplateHeading","decl":{"start":{"line":3,"column":24},"end":{"line":3,"column":42}},"loc":{"start":{"line":3,"column":47},"end":{"line":21,"column":1}},"line":3}},"branchMap":{},"s":{"0":1},"f":{"0":1},"b":{},"_coverageSchema":"332fd63041d2c1bcb487cc26dd0d5f7d97098a6c","hash":"82b2f23df001dbf628aa71434d63f5de527ecd4b"}
}
